<?xml version="1.0" encoding="UTF-8"?>
<testsuite xmlns:xsi="http://www.w3.org/2001/XMLSchema-instance" xsi:noNamespaceSchemaLocation="https://maven.apache.org/surefire/maven-surefire-plugin/xsd/surefire-test-report.xsd" version="3.0.2" name="com.example.LoginPUC.LoginPucApplicationTests" time="1.952" tests="1" errors="0" skipped="0" failures="0" flakes="0">
  <properties>
[...]
</properties>
  <testcase name="contextLoads" classname="com.example.LoginPUC.LoginPucApplicationTests" time="0.458">
    <system-out><![CDATA[11:24:07.344 [main] INFO org.springframework.test.context.support.AnnotationConfigContextLoaderUtils -- Could not detect default configuration classes for test class [com.example.LoginPUC.LoginPucApplicationTests]: LoginPucApplicationTests does not declare any static, non-private, non-final, nested classes annotated with @Configuration.
11:24:07.470 [main] INFO org.springframework.boot.test.context.SpringBootTestContextBootstrapper -- Found @SpringBootConfiguration com.example.LoginPUC.LoginPucApplication for test class com.example.LoginPUC.LoginPucApplicationTests
11:24:07.568 [main] INFO org.springframework.test.context.support.AnnotationConfigContextLoaderUtils -- Could not detect default configuration classes for test class [com.example.LoginPUC.LoginPucApplicationTests]: LoginPucApplicationTests does not declare any static, non-private, non-final, nested classes annotated with @Configuration.
11:24:07.569 [main] INFO org.springframework.boot.test.context.SpringBootTestContextBootstrapper -- Found @SpringBootConfiguration com.example.LoginPUC.LoginPucApplication for test class com.example.LoginPUC.LoginPucApplicationTests

  .   ____          _            __ _ _
 /\\ / ___'_ __ _ _(_)_ __  __ _ \ \ \ \
( ( )\___ | '_ | '_| | '_ \/ _` | \ \ \ \
 \\/  ___)| |_)| | | | | || (_| |  ) ) ) )
  '  |____| .__|_| |_|_| |_\__, | / / / /
 =========|_|==============|___/=/_/_/_/

 :: Spring Boot ::                (v4.1.1)

2026-09-10T11:24:07.841-03:00  INFO 6780 --- [LoginPUC] [           main] c.e.LoginPUC.LoginPucApplicationTests    : Starting LoginPucApplicationTests using Java 25 with PID 6780 (started by 1553571 in C:\Users\1553571\Downloads\LoginPUC\LoginPUC)
2026-09-10T11:24:07.844-03:00  INFO 6780 --- [LoginPUC] [           main] c.e.LoginPUC.LoginPucApplicationTests    : No active profile set, falling back to 1 default profile: "default"
2026-09-10T11:24:08.649-03:00  INFO 6780 --- [LoginPUC] [           main] c.e.LoginPUC.LoginPucApplicationTests    : Started LoginPucApplicationTests in 1.02 seconds (process running for 2.014)
]]></system-out>
    <system-err><![CDATA[Mockito is currently self-attaching to enable the inline-mock-maker. This will no longer work in future releases of the JDK. Please add Mockito as an agent to your build as described in Mockito's documentation: https://javadoc.io/doc/org.mockito/mockito-core/latest/org.mockito/org/mockito/Mockito.html#0.3
WARNING: A Java agent has been loaded dynamically (C:\Users\1553571\.m2\repository\net\bytebuddy\byte-buddy-agent\1.18.11\byte-buddy-agent-1.18.11.jar)
WARNING: If a serviceability tool is in use, please run with -XX:+EnableDynamicAgentLoading to hide this warning
WARNING: If a serviceability tool is not in use, please run with -Djdk.instrument.traceUsage for more information
WARNING: Dynamic loading of agents will be disallowed by default in a future release
]]></system-err>
  </testcase>
</testsuite>